<?xml version="1.0" encoding="UTF-8"?>
<!-- Generated by org.testng.reporters.JUnitReportReporter -->
<testsuite hostname="DESKTOP-0QNH070" failures="0" tests="1" name="TestSuites.SmokeTesting" time="15.338" errors="0" timestamp="13 May 2022 08:15:51 GMT" skipped="0">
  <testcase classname="TestSuites.SmokeTesting" name="testing" time="15.338"/>
</testsuite> <!-- TestSuites.SmokeTesting -->
