<?xml version="1.0" encoding="UTF-8"?>
<!-- Generated by org.testng.reporters.JUnitReportReporter -->
<testsuite hostname="DESKTOP-0QNH070" failures="0" tests="4" name="TestSuites.TestCases" time="39.989" errors="0" timestamp="2022-06-01T18:39:13 IST" skipped="0">
  <testcase classname="TestSuites.TestCases" name="userDetails" time="29.115"/>
  <system-out/>
  <testcase classname="TestSuites.TestCases" name="appsTools" time="4.022"/>
  <system-out/>
  <testcase classname="TestSuites.TestCases" name="searchAndListApps" time="3.156"/>
  <system-out/>
  <testcase classname="TestSuites.TestCases" name="searchAndListApps" time="3.696"/>
  <system-out/>
</testsuite> <!-- TestSuites.TestCases -->
